<?xml version="1.0" encoding="UTF-8"?>
<testsuite xmlns:xsi="http://www.w3.org/2001/XMLSchema-instance" xsi:noNamespaceSchemaLocation="https://maven.apache.org/surefire/maven-surefire-plugin/xsd/surefire-test-report-3.0.xsd" version="3.0" name="cucumber.options.TestRunner" time="10.078" tests="2" errors="0" skipped="0" failures="0">
  <properties>
[...]
</properties>
  <testcase name="Verify if place is being Successfully added using AddPlaceAPI" classname="Validating Google Map API&apos;s" time="6.877">
    <system-out><![CDATA[
@AddPlace
Scenario Outline: Verify if place is being Successfully added using AddPlaceAPI &amp#27;[90m# src/test/java/features/PlaceValidations.feature:14&amp#27;[0m
  &amp#27;[32mGiven &amp#27;[0m&amp#27;[32mAdd plcae payload &amp#27;[0m&amp#27;[32m&amp#27;[1m"Janaki Bhavan"&amp#27;[0m&amp#27;[32m &amp#27;[0m&amp#27;[32m&amp#27;[1m"GGP Colony ,Sai Vihar"&amp#27;[0m&amp#27;[32m &amp#27;[0m&amp#27;[32m&amp#27;[1m"English-IN"&amp#27;[0m  &amp#27;[90m# stepDefinations.stepDefination.add_plcae_payload(java.lang.String,java.lang.String,java.lang.String)&amp#27;[0m
/maps/api/place/add/json
  &amp#27;[32mWhen &amp#27;[0m&amp#27;[32mUser calls &amp#27;[0m&amp#27;[32m&amp#27;[1m"AddPlaceAPI"&amp#27;[0m&amp#27;[32m with &amp#27;[0m&amp#27;[32m&amp#27;[1m"POST"&amp#27;[0m&amp#27;[32m http request&amp#27;[0m                        &amp#27;[90m# stepDefinations.stepDefination.user_calls_with_http_request(java.lang.String,java.lang.String)&amp#27;[0m
  &amp#27;[32mThen &amp#27;[0m&amp#27;[32mthe API call is success with status code &amp#27;[0m&amp#27;[32m&amp#27;[1m200&amp#27;[0m                             &amp#27;[90m# stepDefinations.stepDefination.the_api_call_is_success_with_status_code(java.lang.Integer)&amp#27;[0m
  &amp#27;[32mAnd &amp#27;[0m&amp#27;[32m&amp#27;[0m&amp#27;[32m&amp#27;[1m"status"&amp#27;[0m&amp#27;[32m in response body is &amp#27;[0m&amp#27;[32m&amp#27;[1m"OK"&amp#27;[0m                                         &amp#27;[90m# stepDefinations.stepDefination.in_response_body_is(java.lang.String,java.lang.String)&amp#27;[0m
  &amp#27;[32mAnd &amp#27;[0m&amp#27;[32m&amp#27;[0m&amp#27;[32m&amp#27;[1m"scope"&amp#27;[0m&amp#27;[32m in response body is &amp#27;[0m&amp#27;[32m&amp#27;[1m"APP"&amp#27;[0m                                         &amp#27;[90m# stepDefinations.stepDefination.in_response_body_is(java.lang.String,java.lang.String)&amp#27;[0m
/maps/api/place/get/json
  &amp#27;[32mAnd &amp#27;[0m&amp#27;[32mverify place_Id created maps to &amp#27;[0m&amp#27;[32m&amp#27;[1m"Janaki Bhavan"&amp#27;[0m&amp#27;[32m using &amp#27;[0m&amp#27;[32m&amp#27;[1m"getPlaceAPI"&amp#27;[0m       &amp#27;[90m# stepDefinations.stepDefination.verify_place_id_created_maps_to_using(java.lang.String,java.lang.String)&amp#27;[0m
]]></system-out>
  </testcase>
  <testcase name="Verify if Delete Place functionality is working" classname="Validating Google Map API&apos;s" time="1.586">
    <system-out><![CDATA[
@DeletePlace
Scenario: Verify if Delete Place functionality is working   &amp#27;[90m# src/test/java/features/PlaceValidations.feature:17&amp#27;[0m
  &amp#27;[32mGiven &amp#27;[0m&amp#27;[32mDeletePlace Payload&amp#27;[0m                                 &amp#27;[90m# stepDefinations.stepDefination.delete_place_payload()&amp#27;[0m
/maps/api/place/delete/json
  &amp#27;[32mWhen &amp#27;[0m&amp#27;[32mUser calls &amp#27;[0m&amp#27;[32m&amp#27;[1m"deletePlaceAPI"&amp#27;[0m&amp#27;[32m with &amp#27;[0m&amp#27;[32m&amp#27;[1m"POST"&amp#27;[0m&amp#27;[32m http request&amp#27;[0m &amp#27;[90m# stepDefinations.stepDefination.user_calls_with_http_request(java.lang.String,java.lang.String)&amp#27;[0m
  &amp#27;[32mThen &amp#27;[0m&amp#27;[32mthe API call is success with status code &amp#27;[0m&amp#27;[32m&amp#27;[1m200&amp#27;[0m         &amp#27;[90m# stepDefinations.stepDefination.the_api_call_is_success_with_status_code(java.lang.Integer)&amp#27;[0m
  &amp#27;[32mAnd &amp#27;[0m&amp#27;[32m&amp#27;[0m&amp#27;[32m&amp#27;[1m"status"&amp#27;[0m&amp#27;[32m in response body is &amp#27;[0m&amp#27;[32m&amp#27;[1m"OK"&amp#27;[0m                     &amp#27;[90m# stepDefinations.stepDefination.in_response_body_is(java.lang.String,java.lang.String)&amp#27;[0m
]]></system-out>
  </testcase>
</testsuite>